info: socket.io started
Express server listening on port 7777
http://localhost:7777/
debug: served static content /socket.io.js
debug: served static content /socket.io.js
debug: client authorized
info: handshake authorized LcJLLRvj-co1s-6Wfpyb
debug: setting request GET /socket.io/1/websocket/LcJLLRvj-co1s-6Wfpyb
debug: set heartbeat interval for client LcJLLRvj-co1s-6Wfpyb
debug: client authorized for 
debug: websocket writing 1::
debug: websocket writing 5:::{"name":"ping","args":[{"msg":"You are connected!"}]}
The web browser also knows socket.io.
  --  STATUSREPORT --
Total number of clients: 0
Total number of rooms: 0
Rooms: 
Clearing rooms: 
Dead rooms: 0
  --  STATUSREPORT --
Total number of clients: 0
Total number of rooms: 0
Rooms: 
Clearing rooms: 
Dead rooms: 0
  --  STATUSREPORT --
Total number of clients: 0
Total number of rooms: 0
Rooms: 
Clearing rooms: 
Dead rooms: 0
debug: emitting heartbeat for client LcJLLRvj-co1s-6Wfpyb
debug: websocket writing 2::
debug: set heartbeat timeout for client LcJLLRvj-co1s-6Wfpyb
debug: got heartbeat packet
debug: cleared heartbeat timeout for client LcJLLRvj-co1s-6Wfpyb
debug: set heartbeat interval for client LcJLLRvj-co1s-6Wfpyb
{ _readableState: 
   { highWaterMark: 16384,
     buffer: [],
     length: 0,
     pipes: null,
     pipesCount: 0,
     flowing: false,
     ended: true,
     endEmitted: true,
     reading: false,
     calledRead: true,
     sync: false,
     needReadable: false,
     emittedReadable: false,
     readableListening: false,
     objectMode: false,
     defaultEncoding: 'utf8',
     ranOut: false,
     awaitDrain: 0,
     readingMore: false,
     decoder: null,
     encoding: null },
  readable: false,
  domain: null,
  _events: 
   { error: [Function],
     aborted: [Function],
     data: [Function],
     readable: [Function],
     end: [Function] },
  _maxListeners: 10,
  socket: 
   { _connecting: false,
     _handle: 
      { fd: 11,
        writeQueueSize: 0,
        owner: [Circular],
        onread: [Function: onread],
        reading: true },
     _readableState: 
      { highWaterMark: 16384,
        buffer: [],
        length: 0,
        pipes: null,
        pipesCount: 0,
        flowing: false,
        ended: false,
        endEmitted: false,
        reading: true,
        calledRead: true,
        sync: false,
        needReadable: true,
        emittedReadable: false,
        readableListening: false,
        objectMode: false,
        defaultEncoding: 'utf8',
        ranOut: false,
        awaitDrain: 0,
        readingMore: false,
        decoder: null,
        encoding: null },
     readable: true,
     domain: null,
     _events: 
      { end: [Object],
        finish: [Function: onSocketFinish],
        _socketEnd: [Function: onSocketEnd],
        drain: [Object],
        timeout: [Function],
        error: [Object],
        close: [Object] },
     _maxListeners: 10,
     _writableState: 
      { highWaterMark: 16384,
        objectMode: false,
        needDrain: false,
        ending: false,
        ended: false,
        finished: false,
        decodeStrings: false,
        defaultEncoding: 'utf8',
        length: 0,
        writing: false,
        sync: false,
        bufferProcessing: false,
        onwrite: [Function],
        writecb: null,
        writelen: 0,
        buffer: [],
        errorEmitted: false },
     writable: true,
     allowHalfOpen: true,
     onend: [Function],
     destroyed: false,
     bytesRead: 222148,
     _bytesDispatched: 296646,
     _pendingData: null,
     _pendingEncoding: '',
     server: 
      { domain: null,
        _events: [Object],
        _maxListeners: 10,
        _connections: 6,
        connections: [Getter/Setter],
        _handle: [Object],
        _usingSlaves: false,
        _slaves: [],
        allowHalfOpen: true,
        httpAllowHalfOpen: false,
        timeout: 120000,
        _connectionKey: '4:0.0.0.0:7777' },
     _idleTimeout: 120000,
     _idleNext: 
      { _connecting: false,
        _handle: [Object],
        _readableState: [Object],
        readable: true,
        domain: null,
        _events: [Object],
        _maxListeners: 10,
        _writableState: [Object],
        writable: true,
        allowHalfOpen: true,
        onend: [Function],
        destroyed: false,
        bytesRead: 333,
        _bytesDispatched: 74888,
        _pendingData: null,
        _pendingEncoding: '',
        server: [Object],
        _idleTimeout: 120000,
        _idleNext: [Object],
        _idlePrev: [Circular],
        _idleStart: 1410821173629,
        _monotonicStartTime: 11596118273,
        parser: [Object],
        ondata: [Function],
        _paused: false,
        _httpMessage: null },
     _idlePrev: { _idleNext: [Circular], _idlePrev: [Object] },
     _idleStart: 1410821204573,
     _monotonicStartTime: 11596149217,
     parser: 
      { _headers: [],
        _url: '',
        onHeaders: [Function: parserOnHeaders],
        onHeadersComplete: [Function: parserOnHeadersComplete],
        onBody: [Function: parserOnBody],
        onMessageComplete: [Function: parserOnMessageComplete],
        socket: [Circular],
        incoming: [Circular],
        maxHeaderPairs: 2000,
        onIncoming: [Function] },
     ondata: [Function],
     _paused: false,
     _httpMessage: 
      { domain: null,
        _events: [Object],
        _maxListeners: 10,
        output: [],
        outputEncodings: [],
        writable: true,
        _last: false,
        chunkedEncoding: false,
        shouldKeepAlive: true,
        useChunkedEncodingByDefault: true,
        sendDate: true,
        _headerSent: false,
        _header: '',
        _hasBody: true,
        _trailer: '',
        finished: false,
        _hangupClose: false,
        socket: [Circular],
        connection: [Circular],
        app: [Object],
        _headers: [Object],
        _headerNames: [Object],
        req: [Circular],
        viewCallbacks: [],
        locals: [Function: locals] },
     _peername: { address: '84.247.161.78', family: 'IPv4', port: 49834 } },
  connection: 
   { _connecting: false,
     _handle: 
      { fd: 11,
        writeQueueSize: 0,
        owner: [Circular],
        onread: [Function: onread],
        reading: true },
     _readableState: 
      { highWaterMark: 16384,
        buffer: [],
        length: 0,
        pipes: null,
        pipesCount: 0,
        flowing: false,
        ended: false,
        endEmitted: false,
        reading: true,
        calledRead: true,
        sync: false,
        needReadable: true,
        emittedReadable: false,
        readableListening: false,
        objectMode: false,
        defaultEncoding: 'utf8',
        ranOut: false,
        awaitDrain: 0,
        readingMore: false,
        decoder: null,
        encoding: null },
     readable: true,
     domain: null,
     _events: 
      { end: [Object],
        finish: [Function: onSocketFinish],
        _socketEnd: [Function: onSocketEnd],
        drain: [Object],
        timeout: [Function],
        error: [Object],
        close: [Object] },
     _maxListeners: 10,
     _writableState: 
      { highWaterMark: 16384,
        objectMode: false,
        needDrain: false,
        ending: false,
        ended: false,
        finished: false,
        decodeStrings: false,
        defaultEncoding: 'utf8',
        length: 0,
        writing: false,
        sync: false,
        bufferProcessing: false,
        onwrite: [Function],
        writecb: null,
        writelen: 0,
        buffer: [],
        errorEmitted: false },
     writable: true,
     allowHalfOpen: true,
     onend: [Function],
     destroyed: false,
     bytesRead: 222148,
     _bytesDispatched: 296646,
     _pendingData: null,
     _pendingEncoding: '',
     server: 
      { domain: null,
        _events: [Object],
        _maxListeners: 10,
        _connections: 6,
        connections: [Getter/Setter],
        _handle: [Object],
        _usingSlaves: false,
        _slaves: [],
        allowHalfOpen: true,
        httpAllowHalfOpen: false,
        timeout: 120000,
        _connectionKey: '4:0.0.0.0:7777' },
     _idleTimeout: 120000,
     _idleNext: 
      { _connecting: false,
        _handle: [Object],
        _readableState: [Object],
        readable: true,
        domain: null,
        _events: [Object],
        _maxListeners: 10,
        _writableState: [Object],
        writable: true,
        allowHalfOpen: true,
        onend: [Function],
        destroyed: false,
        bytesRead: 333,
        _bytesDispatched: 74888,
        _pendingData: null,
        _pendingEncoding: '',
        server: [Object],
        _idleTimeout: 120000,
        _idleNext: [Object],
        _idlePrev: [Circular],
        _idleStart: 1410821173629,
        _monotonicStartTime: 11596118273,
        parser: [Object],
        ondata: [Function],
        _paused: false,
        _httpMessage: null },
     _idlePrev: { _idleNext: [Circular], _idlePrev: [Object] },
     _idleStart: 1410821204573,
     _monotonicStartTime: 11596149217,
     parser: 
      { _headers: [],
        _url: '',
        onHeaders: [Function: parserOnHeaders],
        onHeadersComplete: [Function: parserOnHeadersComplete],
        onBody: [Function: parserOnBody],
        onMessageComplete: [Function: parserOnMessageComplete],
        socket: [Circular],
        incoming: [Circular],
        maxHeaderPairs: 2000,
        onIncoming: [Function] },
     ondata: [Function],
     _paused: false,
     _httpMessage: 
      { domain: null,
        _events: [Object],
        _maxListeners: 10,
        output: [],
        outputEncodings: [],
        writable: true,
        _last: false,
        chunkedEncoding: false,
        shouldKeepAlive: true,
        useChunkedEncodingByDefault: true,
        sendDate: true,
        _headerSent: false,
        _header: '',
        _hasBody: true,
        _trailer: '',
        finished: false,
        _hangupClose: false,
        socket: [Circular],
        connection: [Circular],
        app: [Object],
        _headers: [Object],
        _headerNames: [Object],
        req: [Circular],
        viewCallbacks: [],
        locals: [Function: locals] },
     _peername: { address: '84.247.161.78', family: 'IPv4', port: 49834 } },
  httpVersion: '1.1',
  complete: true,
  headers: 
   { host: '198.211.119.138:7777',
     origin: 'http://198.211.119.138:7777',
     'content-type': 'multipart/form-data; boundary=----WebKitFormBoundaryh8f8TrR2FSNdvFVT',
     'accept-language': 'nb-no',
     'accept-encoding': 'gzip, deflate',
     connection: 'keep-alive',
     accept: '*/*',
     'user-agent': 'Mozilla/5.0 (Macintosh; Intel Mac OS X 10_9_2) AppleWebKit/537.75.14 (KHTML, like Gecko) Version/7.0.3 Safari/537.75.14',
     referer: 'http://198.211.119.138:7777/',
     'content-length': '220021',
     'x-requested-with': 'XMLHttpRequest' },
  trailers: {},
  _pendings: [],
  _pendingIndex: 0,
  url: '/imageUpload',
  method: 'POST',
  statusCode: null,
  client: 
   { _connecting: false,
     _handle: 
      { fd: 11,
        writeQueueSize: 0,
        owner: [Circular],
        onread: [Function: onread],
        reading: true },
     _readableState: 
      { highWaterMark: 16384,
        buffer: [],
        length: 0,
        pipes: null,
        pipesCount: 0,
        flowing: false,
        ended: false,
        endEmitted: false,
        reading: true,
        calledRead: true,
        sync: false,
        needReadable: true,
        emittedReadable: false,
        readableListening: false,
        objectMode: false,
        defaultEncoding: 'utf8',
        ranOut: false,
        awaitDrain: 0,
        readingMore: false,
        decoder: null,
        encoding: null },
     readable: true,
     domain: null,
     _events: 
      { end: [Object],
        finish: [Function: onSocketFinish],
        _socketEnd: [Function: onSocketEnd],
        drain: [Object],
        timeout: [Function],
        error: [Object],
        close: [Object] },
     _maxListeners: 10,
     _writableState: 
      { highWaterMark: 16384,
        objectMode: false,
        needDrain: false,
        ending: false,
        ended: false,
        finished: false,
        decodeStrings: false,
        defaultEncoding: 'utf8',
        length: 0,
        writing: false,
        sync: false,
        bufferProcessing: false,
        onwrite: [Function],
        writecb: null,
        writelen: 0,
        buffer: [],
        errorEmitted: false },
     writable: true,
     allowHalfOpen: true,
     onend: [Function],
     destroyed: false,
     bytesRead: 222148,
     _bytesDispatched: 296646,
     _pendingData: null,
     _pendingEncoding: '',
     server: 
      { domain: null,
        _events: [Object],
        _maxListeners: 10,
        _connections: 6,
        connections: [Getter/Setter],
        _handle: [Object],
        _usingSlaves: false,
        _slaves: [],
        allowHalfOpen: true,
        httpAllowHalfOpen: false,
        timeout: 120000,
        _connectionKey: '4:0.0.0.0:7777' },
     _idleTimeout: 120000,
     _idleNext: 
      { _connecting: false,
        _handle: [Object],
        _readableState: [Object],
        readable: true,
        domain: null,
        _events: [Object],
        _maxListeners: 10,
        _writableState: [Object],
        writable: true,
        allowHalfOpen: true,
        onend: [Function],
        destroyed: false,
        bytesRead: 333,
        _bytesDispatched: 74888,
        _pendingData: null,
        _pendingEncoding: '',
        server: [Object],
        _idleTimeout: 120000,
        _idleNext: [Object],
        _idlePrev: [Circular],
        _idleStart: 1410821173629,
        _monotonicStartTime: 11596118273,
        parser: [Object],
        ondata: [Function],
        _paused: false,
        _httpMessage: null },
     _idlePrev: { _idleNext: [Circular], _idlePrev: [Object] },
     _idleStart: 1410821204573,
     _monotonicStartTime: 11596149217,
     parser: 
      { _headers: [],
        _url: '',
        onHeaders: [Function: parserOnHeaders],
        onHeadersComplete: [Function: parserOnHeadersComplete],
        onBody: [Function: parserOnBody],
        onMessageComplete: [Function: parserOnMessageComplete],
        socket: [Circular],
        incoming: [Circular],
        maxHeaderPairs: 2000,
        onIncoming: [Function] },
     ondata: [Function],
     _paused: false,
     _httpMessage: 
      { domain: null,
        _events: [Object],
        _maxListeners: 10,
        output: [],
        outputEncodings: [],
        writable: true,
        _last: false,
        chunkedEncoding: false,
        shouldKeepAlive: true,
        useChunkedEncodingByDefault: true,
        sendDate: true,
        _headerSent: false,
        _header: '',
        _hasBody: true,
        _trailer: '',
        finished: false,
        _hangupClose: false,
        socket: [Circular],
        connection: [Circular],
        app: [Object],
        _headers: [Object],
        _headerNames: [Object],
        req: [Circular],
        viewCallbacks: [],
        locals: [Function: locals] },
     _peername: { address: '84.247.161.78', family: 'IPv4', port: 49834 } },
  _consuming: true,
  _dumped: false,
  httpVersionMajor: 1,
  httpVersionMinor: 1,
  upgrade: false,
  originalUrl: '/imageUpload',
  _parsedUrl: 
   { protocol: null,
     slashes: null,
     auth: null,
     host: null,
     port: null,
     hostname: null,
     hash: null,
     search: null,
     query: null,
     pathname: '/imageUpload',
     path: '/imageUpload',
     href: '/imageUpload' },
  query: {},
  app: 
   { [Function: app]
     use: [Function],
     handle: [Function],
     listen: [Function],
     setMaxListeners: [Function: setMaxListeners],
     emit: [Function: emit],
     addListener: [Function: addListener],
     on: [Function: addListener],
     once: [Function: once],
     removeListener: [Function: removeListener],
     removeAllListeners: [Function: removeAllListeners],
     listeners: [Function: listeners],
     route: '/',
     stack: [ [Object], [Object], [Object], [Object] ],
     init: [Function],
     defaultConfiguration: [Function],
     engine: [Function],
     param: [Function],
     set: [Function],
     path: [Function],
     enabled: [Function],
     disabled: [Function],
     enable: [Function],
     disable: [Function],
     configure: [Function],
     get: [Function],
     post: [Function],
     put: [Function],
     head: [Function],
     delete: [Function],
     options: [Function],
     trace: [Function],
     copy: [Function],
     lock: [Function],
     mkcol: [Function],
     move: [Function],
     propfind: [Function],
     proppatch: [Function],
     unlock: [Function],
     report: [Function],
     mkactivity: [Function],
     checkout: [Function],
     merge: [Function],
     'm-search': [Function],
     notify: [Function],
     subscribe: [Function],
     unsubscribe: [Function],
     patch: [Function],
     all: [Function],
     del: [Function],
     render: [Function],
     request: {},
     response: {},
     cache: {},
     settings: 
      { 'x-powered-by': true,
        env: 'development',
        views: '/home/peter/nodeapps/thoughtwall/views',
        'jsonp callback name': 'callback',
        'json spaces': 2 },
     engines: {},
     viewCallbacks: [],
     _events: { mount: [Function] },
     _router: 
      { map: [Object],
        params: {},
        _params: [],
        caseSensitive: false,
        strict: false,
        middleware: [Function: router] },
     routes: { get: [Object], post: [Object] },
     router: [Getter],
     locals: { [Function: locals] settings: [Object] },
     _usedRouter: true },
  res: 
   { domain: null,
     _events: { finish: [Function] },
     _maxListeners: 10,
     output: [],
     outputEncodings: [],
     writable: true,
     _last: false,
     chunkedEncoding: false,
     shouldKeepAlive: true,
     useChunkedEncodingByDefault: true,
     sendDate: true,
     _headerSent: false,
     _header: '',
     _hasBody: true,
     _trailer: '',
     finished: false,
     _hangupClose: false,
     socket: 
      { _connecting: false,
        _handle: [Object],
        _readableState: [Object],
        readable: true,
        domain: null,
        _events: [Object],
        _maxListeners: 10,
        _writableState: [Object],
        writable: true,
        allowHalfOpen: true,
        onend: [Function],
        destroyed: false,
        bytesRead: 222148,
        _bytesDispatched: 296646,
        _pendingData: null,
        _pendingEncoding: '',
        server: [Object],
        _idleTimeout: 120000,
        _idleNext: [Object],
        _idlePrev: [Object],
        _idleStart: 1410821204573,
        _monotonicStartTime: 11596149217,
        parser: [Object],
        ondata: [Function],
        _paused: false,
        _httpMessage: [Circular],
        _peername: [Object] },
     connection: 
      { _connecting: false,
        _handle: [Object],
        _readableState: [Object],
        readable: true,
        domain: null,
        _events: [Object],
        _maxListeners: 10,
        _writableState: [Object],
        writable: true,
        allowHalfOpen: true,
        onend: [Function],
        destroyed: false,
        bytesRead: 222148,
        _bytesDispatched: 296646,
        _pendingData: null,
        _pendingEncoding: '',
        server: [Object],
        _idleTimeout: 120000,
        _idleNext: [Object],
        _idlePrev: [Object],
        _idleStart: 1410821204573,
        _monotonicStartTime: 11596149217,
        parser: [Object],
        ondata: [Function],
        _paused: false,
        _httpMessage: [Circular],
        _peername: [Object] },
     app: 
      { [Function: app]
        use: [Function],
        handle: [Function],
        listen: [Function],
        setMaxListeners: [Function: setMaxListeners],
        emit: [Function: emit],
        addListener: [Function: addListener],
        on: [Function: addListener],
        once: [Function: once],
        removeListener: [Function: removeListener],
        removeAllListeners: [Function: removeAllListeners],
        listeners: [Function: listeners],
        route: '/',
        stack: [Object],
        init: [Function],
        defaultConfiguration: [Function],
        engine: [Function],
        param: [Function],
        set: [Function],
        path: [Function],
        enabled: [Function],
        disabled: [Function],
        enable: [Function],
        disable: [Function],
        configure: [Function],
        get: [Function],
        post: [Function],
        put: [Function],
        head: [Function],
        delete: [Function],
        options: [Function],
        trace: [Function],
        copy: [Function],
        lock: [Function],
        mkcol: [Function],
        move: [Function],
        propfind: [Function],
        proppatch: [Function],
        unlock: [Function],
        report: [Function],
        mkactivity: [Function],
        checkout: [Function],
        merge: [Function],
        'm-search': [Function],
        notify: [Function],
        subscribe: [Function],
        unsubscribe: [Function],
        patch: [Function],
        all: [Function],
        del: [Function],
        render: [Function],
        request: {},
        response: {},
        cache: {},
        settings: [Object],
        engines: {},
        viewCallbacks: [],
        _events: [Object],
        _router: [Object],
        routes: [Object],
        router: [Getter],
        locals: [Object],
        _usedRouter: true },
     _headers: { 'x-powered-by': 'Express' },
     _headerNames: { 'x-powered-by': 'X-Powered-By' },
     req: [Circular],
     viewCallbacks: [],
     locals: [Function: locals] },
  next: [Function: next],
  body: { user: '<no name atm>' },
  files: 
   { file: 
      { domain: null,
        _events: {},
        _maxListeners: 10,
        size: 219734,
        path: 'uploads/bc6e6468c6142a47e98238b49a56cc51',
        name: 'bilde.jpg',
        type: 'image/jpeg',
        hash: false,
        lastModifiedDate: Mon Sep 15 2014 22:46:44 GMT+0000 (UTC),
        _writeStream: [Object],
        length: [Getter],
        filename: [Getter],
        mime: [Getter] } },
  _body: true,
  pipe: [Function],
  addListener: [Function: addListener],
  on: [Function: addListener],
  pause: [Function],
  resume: [Function],
  read: [Function],
  _route_index: 0,
  route: 
   { path: '/imageUpload',
     method: 'post',
     callbacks: [ [Function] ],
     keys: [],
     regexp: /^\/imageUpload\/?$/i,
     params: [] },
  params: [] }
Client <no name atm> does not exist!
  --  STATUSREPORT --
Total number of clients: 0
Total number of rooms: 0
Rooms: 
Clearing rooms: 
Dead rooms: 0
debug: websocket writing 5:::{"name":"usernameGiven","args":[{"msg":"Your username is now: qwer","username":"qwer"}]}
{ _readableState: 
   { highWaterMark: 16384,
     buffer: [],
     length: 0,
     pipes: null,
     pipesCount: 0,
     flowing: false,
     ended: true,
     endEmitted: true,
     reading: false,
     calledRead: true,
     sync: false,
     needReadable: true,
     emittedReadable: false,
     readableListening: false,
     objectMode: false,
     defaultEncoding: 'utf8',
     ranOut: false,
     awaitDrain: 0,
     readingMore: false,
     decoder: null,
     encoding: null },
  readable: false,
  domain: null,
  _events: 
   { error: [Function],
     aborted: [Function],
     data: [Function],
     readable: [Function],
     end: [Function] },
  _maxListeners: 10,
  socket: 
   { _connecting: false,
     _handle: 
      { fd: 11,
        writeQueueSize: 0,
        owner: [Circular],
        onread: [Function: onread],
        reading: true },
     _readableState: 
      { highWaterMark: 16384,
        buffer: [],
        length: 0,
        pipes: null,
        pipesCount: 0,
        flowing: false,
        ended: false,
        endEmitted: false,
        reading: true,
        calledRead: true,
        sync: false,
        needReadable: true,
        emittedReadable: false,
        readableListening: false,
        objectMode: false,
        defaultEncoding: 'utf8',
        ranOut: false,
        awaitDrain: 0,
        readingMore: false,
        decoder: null,
        encoding: null },
     readable: true,
     domain: null,
     _events: 
      { end: [Object],
        finish: [Function: onSocketFinish],
        _socketEnd: [Function: onSocketEnd],
        drain: [Object],
        timeout: [Function],
        error: [Object],
        close: [Object] },
     _maxListeners: 10,
     _writableState: 
      { highWaterMark: 16384,
        objectMode: false,
        needDrain: false,
        ending: false,
        ended: false,
        finished: false,
        decodeStrings: false,
        defaultEncoding: 'utf8',
        length: 0,
        writing: false,
        sync: false,
        bufferProcessing: false,
        onwrite: [Function],
        writecb: null,
        writelen: 0,
        buffer: [],
        errorEmitted: false },
     writable: true,
     allowHalfOpen: true,
     onend: [Function],
     destroyed: false,
     bytesRead: 442662,
     _bytesDispatched: 296861,
     _pendingData: null,
     _pendingEncoding: '',
     server: 
      { domain: null,
        _events: [Object],
        _maxListeners: 10,
        _connections: 2,
        connections: [Getter/Setter],
        _handle: [Object],
        _usingSlaves: false,
        _slaves: [],
        allowHalfOpen: true,
        httpAllowHalfOpen: false,
        timeout: 120000,
        _connectionKey: '4:0.0.0.0:7777' },
     _idleTimeout: 120000,
     _idleNext: { _idleNext: [Circular], _idlePrev: [Circular] },
     _idlePrev: { _idleNext: [Circular], _idlePrev: [Circular] },
     _idleStart: 1410821214420,
     _monotonicStartTime: 11596159064,
     parser: 
      { _headers: [],
        _url: '',
        onHeaders: [Function: parserOnHeaders],
        onHeadersComplete: [Function: parserOnHeadersComplete],
        onBody: [Function: parserOnBody],
        onMessageComplete: [Function: parserOnMessageComplete],
        socket: [Circular],
        incoming: [Circular],
        maxHeaderPairs: 2000,
        onIncoming: [Function] },
     ondata: [Function],
     _paused: false,
     _httpMessage: 
      { domain: null,
        _events: [Object],
        _maxListeners: 10,
        output: [],
        outputEncodings: [],
        writable: true,
        _last: false,
        chunkedEncoding: false,
        shouldKeepAlive: true,
        useChunkedEncodingByDefault: true,
        sendDate: true,
        _headerSent: false,
        _header: '',
        _hasBody: true,
        _trailer: '',
        finished: false,
        _hangupClose: false,
        socket: [Circular],
        connection: [Circular],
        app: [Object],
        _headers: [Object],
        _headerNames: [Object],
        req: [Circular],
        viewCallbacks: [],
        locals: [Function: locals] },
     _peername: { address: '84.247.161.78', family: 'IPv4', port: 49834 } },
  connection: 
   { _connecting: false,
     _handle: 
      { fd: 11,
        writeQueueSize: 0,
        owner: [Circular],
        onread: [Function: onread],
        reading: true },
     _readableState: 
      { highWaterMark: 16384,
        buffer: [],
        length: 0,
        pipes: null,
        pipesCount: 0,
        flowing: false,
        ended: false,
        endEmitted: false,
        reading: true,
        calledRead: true,
        sync: false,
        needReadable: true,
        emittedReadable: false,
        readableListening: false,
        objectMode: false,
        defaultEncoding: 'utf8',
        ranOut: false,
        awaitDrain: 0,
        readingMore: false,
        decoder: null,
        encoding: null },
     readable: true,
     domain: null,
     _events: 
      { end: [Object],
        finish: [Function: onSocketFinish],
        _socketEnd: [Function: onSocketEnd],
        drain: [Object],
        timeout: [Function],
        error: [Object],
        close: [Object] },
     _maxListeners: 10,
     _writableState: 
      { highWaterMark: 16384,
        objectMode: false,
        needDrain: false,
        ending: false,
        ended: false,
        finished: false,
        decodeStrings: false,
        defaultEncoding: 'utf8',
        length: 0,
        writing: false,
        sync: false,
        bufferProcessing: false,
        onwrite: [Function],
        writecb: null,
        writelen: 0,
        buffer: [],
        errorEmitted: false },
     writable: true,
     allowHalfOpen: true,
     onend: [Function],
     destroyed: false,
     bytesRead: 442662,
     _bytesDispatched: 296861,
     _pendingData: null,
     _pendingEncoding: '',
     server: 
      { domain: null,
        _events: [Object],
        _maxListeners: 10,
        _connections: 2,
        connections: [Getter/Setter],
        _handle: [Object],
        _usingSlaves: false,
        _slaves: [],
        allowHalfOpen: true,
        httpAllowHalfOpen: false,
        timeout: 120000,
        _connectionKey: '4:0.0.0.0:7777' },
     _idleTimeout: 120000,
     _idleNext: { _idleNext: [Circular], _idlePrev: [Circular] },
     _idlePrev: { _idleNext: [Circular], _idlePrev: [Circular] },
     _idleStart: 1410821214420,
     _monotonicStartTime: 11596159064,
     parser: 
      { _headers: [],
        _url: '',
        onHeaders: [Function: parserOnHeaders],
        onHeadersComplete: [Function: parserOnHeadersComplete],
        onBody: [Function: parserOnBody],
        onMessageComplete: [Function: parserOnMessageComplete],
        socket: [Circular],
        incoming: [Circular],
        maxHeaderPairs: 2000,
        onIncoming: [Function] },
     ondata: [Function],
     _paused: false,
     _httpMessage: 
      { domain: null,
        _events: [Object],
        _maxListeners: 10,
        output: [],
        outputEncodings: [],
        writable: true,
        _last: false,
        chunkedEncoding: false,
        shouldKeepAlive: true,
        useChunkedEncodingByDefault: true,
        sendDate: true,
        _headerSent: false,
        _header: '',
        _hasBody: true,
        _trailer: '',
        finished: false,
        _hangupClose: false,
        socket: [Circular],
        connection: [Circular],
        app: [Object],
        _headers: [Object],
        _headerNames: [Object],
        req: [Circular],
        viewCallbacks: [],
        locals: [Function: locals] },
     _peername: { address: '84.247.161.78', family: 'IPv4', port: 49834 } },
  httpVersion: '1.1',
  complete: true,
  headers: 
   { host: '198.211.119.138:7777',
     origin: 'http://198.211.119.138:7777',
     'content-type': 'multipart/form-data; boundary=----WebKitFormBoundarynsRk2PMgCercxD0w',
     'accept-language': 'nb-no',
     'accept-encoding': 'gzip, deflate',
     connection: 'keep-alive',
     accept: '*/*',
     'user-agent': 'Mozilla/5.0 (Macintosh; Intel Mac OS X 10_9_2) AppleWebKit/537.75.14 (KHTML, like Gecko) Version/7.0.3 Safari/537.75.14',
     referer: 'http://198.211.119.138:7777/',
     'content-length': '220012',
     'x-requested-with': 'XMLHttpRequest' },
  trailers: {},
  _pendings: [],
  _pendingIndex: 0,
  url: '/imageUpload',
  method: 'POST',
  statusCode: null,
  client: 
   { _connecting: false,
     _handle: 
      { fd: 11,
        writeQueueSize: 0,
        owner: [Circular],
        onread: [Function: onread],
        reading: true },
     _readableState: 
      { highWaterMark: 16384,
        buffer: [],
        length: 0,
        pipes: null,
        pipesCount: 0,
        flowing: false,
        ended: false,
        endEmitted: false,
        reading: true,
        calledRead: true,
        sync: false,
        needReadable: true,
        emittedReadable: false,
        readableListening: false,
        objectMode: false,
        defaultEncoding: 'utf8',
        ranOut: false,
        awaitDrain: 0,
        readingMore: false,
        decoder: null,
        encoding: null },
     readable: true,
     domain: null,
     _events: 
      { end: [Object],
        finish: [Function: onSocketFinish],
        _socketEnd: [Function: onSocketEnd],
        drain: [Object],
        timeout: [Function],
        error: [Object],
        close: [Object] },
     _maxListeners: 10,
     _writableState: 
      { highWaterMark: 16384,
        objectMode: false,
        needDrain: false,
        ending: false,
        ended: false,
        finished: false,
        decodeStrings: false,
        defaultEncoding: 'utf8',
        length: 0,
        writing: false,
        sync: false,
        bufferProcessing: false,
        onwrite: [Function],
        writecb: null,
        writelen: 0,
        buffer: [],
        errorEmitted: false },
     writable: true,
     allowHalfOpen: true,
     onend: [Function],
     destroyed: false,
     bytesRead: 442662,
     _bytesDispatched: 296861,
     _pendingData: null,
     _pendingEncoding: '',
     server: 
      { domain: null,
        _events: [Object],
        _maxListeners: 10,
        _connections: 2,
        connections: [Getter/Setter],
        _handle: [Object],
        _usingSlaves: false,
        _slaves: [],
        allowHalfOpen: true,
        httpAllowHalfOpen: false,
        timeout: 120000,
        _connectionKey: '4:0.0.0.0:7777' },
     _idleTimeout: 120000,
     _idleNext: { _idleNext: [Circular], _idlePrev: [Circular] },
     _idlePrev: { _idleNext: [Circular], _idlePrev: [Circular] },
     _idleStart: 1410821214420,
     _monotonicStartTime: 11596159064,
     parser: 
      { _headers: [],
        _url: '',
        onHeaders: [Function: parserOnHeaders],
        onHeadersComplete: [Function: parserOnHeadersComplete],
        onBody: [Function: parserOnBody],
        onMessageComplete: [Function: parserOnMessageComplete],
        socket: [Circular],
        incoming: [Circular],
        maxHeaderPairs: 2000,
        onIncoming: [Function] },
     ondata: [Function],
     _paused: false,
     _httpMessage: 
      { domain: null,
        _events: [Object],
        _maxListeners: 10,
        output: [],
        outputEncodings: [],
        writable: true,
        _last: false,
        chunkedEncoding: false,
        shouldKeepAlive: true,
        useChunkedEncodingByDefault: true,
        sendDate: true,
        _headerSent: false,
        _header: '',
        _hasBody: true,
        _trailer: '',
        finished: false,
        _hangupClose: false,
        socket: [Circular],
        connection: [Circular],
        app: [Object],
        _headers: [Object],
        _headerNames: [Object],
        req: [Circular],
        viewCallbacks: [],
        locals: [Function: locals] },
     _peername: { address: '84.247.161.78', family: 'IPv4', port: 49834 } },
  _consuming: true,
  _dumped: false,
  httpVersionMajor: 1,
  httpVersionMinor: 1,
  upgrade: false,
  originalUrl: '/imageUpload',
  _parsedUrl: 
   { protocol: null,
     slashes: null,
     auth: null,
     host: null,
     port: null,
     hostname: null,
     hash: null,
     search: null,
     query: null,
     pathname: '/imageUpload',
     path: '/imageUpload',
     href: '/imageUpload' },
  query: {},
  app: 
   { [Function: app]
     use: [Function],
     handle: [Function],
     listen: [Function],
     setMaxListeners: [Function: setMaxListeners],
     emit: [Function: emit],
     addListener: [Function: addListener],
     on: [Function: addListener],
     once: [Function: once],
     removeListener: [Function: removeListener],
     removeAllListeners: [Function: removeAllListeners],
     listeners: [Function: listeners],
     route: '/',
     stack: [ [Object], [Object], [Object], [Object] ],
     init: [Function],
     defaultConfiguration: [Function],
     engine: [Function],
     param: [Function],
     set: [Function],
     path: [Function],
     enabled: [Function],
     disabled: [Function],
     enable: [Function],
     disable: [Function],
     configure: [Function],
     get: [Function],
     post: [Function],
     put: [Function],
     head: [Function],
     delete: [Function],
     options: [Function],
     trace: [Function],
     copy: [Function],
     lock: [Function],
     mkcol: [Function],
     move: [Function],
     propfind: [Function],
     proppatch: [Function],
     unlock: [Function],
     report: [Function],
     mkactivity: [Function],
     checkout: [Function],
     merge: [Function],
     'm-search': [Function],
     notify: [Function],
     subscribe: [Function],
     unsubscribe: [Function],
     patch: [Function],
     all: [Function],
     del: [Function],
     render: [Function],
     request: {},
     response: {},
     cache: {},
     settings: 
      { 'x-powered-by': true,
        env: 'development',
        views: '/home/peter/nodeapps/thoughtwall/views',
        'jsonp callback name': 'callback',
        'json spaces': 2 },
     engines: {},
     viewCallbacks: [],
     _events: { mount: [Function] },
     _router: 
      { map: [Object],
        params: {},
        _params: [],
        caseSensitive: false,
        strict: false,
        middleware: [Function: router] },
     routes: { get: [Object], post: [Object] },
     router: [Getter],
     locals: { [Function: locals] settings: [Object] },
     _usedRouter: true },
  res: 
   { domain: null,
     _events: { finish: [Function] },
     _maxListeners: 10,
     output: [],
     outputEncodings: [],
     writable: true,
     _last: false,
     chunkedEncoding: false,
     shouldKeepAlive: true,
     useChunkedEncodingByDefault: true,
     sendDate: true,
     _headerSent: false,
     _header: '',
     _hasBody: true,
     _trailer: '',
     finished: false,
     _hangupClose: false,
     socket: 
      { _connecting: false,
        _handle: [Object],
        _readableState: [Object],
        readable: true,
        domain: null,
        _events: [Object],
        _maxListeners: 10,
        _writableState: [Object],
        writable: true,
        allowHalfOpen: true,
        onend: [Function],
        destroyed: false,
        bytesRead: 442662,
        _bytesDispatched: 296861,
        _pendingData: null,
        _pendingEncoding: '',
        server: [Object],
        _idleTimeout: 120000,
        _idleNext: [Object],
        _idlePrev: [Object],
        _idleStart: 1410821214420,
        _monotonicStartTime: 11596159064,
        parser: [Object],
        ondata: [Function],
        _paused: false,
        _httpMessage: [Circular],
        _peername: [Object] },
     connection: 
      { _connecting: false,
        _handle: [Object],
        _readableState: [Object],
        readable: true,
        domain: null,
        _events: [Object],
        _maxListeners: 10,
        _writableState: [Object],
        writable: true,
        allowHalfOpen: true,
        onend: [Function],
        destroyed: false,
        bytesRead: 442662,
        _bytesDispatched: 296861,
        _pendingData: null,
        _pendingEncoding: '',
        server: [Object],
        _idleTimeout: 120000,
        _idleNext: [Object],
        _idlePrev: [Object],
        _idleStart: 1410821214420,
        _monotonicStartTime: 11596159064,
        parser: [Object],
        ondata: [Function],
        _paused: false,
        _httpMessage: [Circular],
        _peername: [Object] },
     app: 
      { [Function: app]
        use: [Function],
        handle: [Function],
        listen: [Function],
        setMaxListeners: [Function: setMaxListeners],
        emit: [Function: emit],
        addListener: [Function: addListener],
        on: [Function: addListener],
        once: [Function: once],
        removeListener: [Function: removeListener],
        removeAllListeners: [Function: removeAllListeners],
        listeners: [Function: listeners],
        route: '/',
        stack: [Object],
        init: [Function],
        defaultConfiguration: [Function],
        engine: [Function],
        param: [Function],
        set: [Function],
        path: [Function],
        enabled: [Function],
        disabled: [Function],
        enable: [Function],
        disable: [Function],
        configure: [Function],
        get: [Function],
        post: [Function],
        put: [Function],
        head: [Function],
        delete: [Function],
        options: [Function],
        trace: [Function],
        copy: [Function],
        lock: [Function],
        mkcol: [Function],
        move: [Function],
        propfind: [Function],
        proppatch: [Function],
        unlock: [Function],
        report: [Function],
        mkactivity: [Function],
        checkout: [Function],
        merge: [Function],
        'm-search': [Function],
        notify: [Function],
        subscribe: [Function],
        unsubscribe: [Function],
        patch: [Function],
        all: [Function],
        del: [Function],
        render: [Function],
        request: {},
        response: {},
        cache: {},
        settings: [Object],
        engines: {},
        viewCallbacks: [],
        _events: [Object],
        _router: [Object],
        routes: [Object],
        router: [Getter],
        locals: [Object],
        _usedRouter: true },
     _headers: { 'x-powered-by': 'Express' },
     _headerNames: { 'x-powered-by': 'X-Powered-By' },
     req: [Circular],
     viewCallbacks: [],
     locals: [Function: locals] },
  next: [Function: next],
  body: { user: 'qwer' },
  files: 
   { file: 
      { domain: null,
        _events: {},
        _maxListeners: 10,
        size: 219734,
        path: 'uploads/56bfbaf176033579e99e03831c21440d',
        name: 'bilde.jpg',
        type: 'image/jpeg',
        hash: false,
        lastModifiedDate: Mon Sep 15 2014 22:46:54 GMT+0000 (UTC),
        _writeStream: [Object],
        length: [Getter],
        filename: [Getter],
        mime: [Getter] } },
  _body: true,
  pipe: [Function],
  addListener: [Function: addListener],
  on: [Function: addListener],
  pause: [Function],
  resume: [Function],
  read: [Function],
  _route_index: 0,
  route: 
   { path: '/imageUpload',
     method: 'post',
     callbacks: [ [Function] ],
     keys: [],
     regexp: /^\/imageUpload\/?$/i,
     params: [] },
  params: [] }
The user: qwer exists! Sending img back to user!
NAME    : qwer
CLIENTS : 0

name :qwer
NAME    : qwer
CLIENTS : 1

name :qwer
debug: websocket writing 5:::{"name":"specificRoomFound","args":[{"msg":"Specific room was found!","roomname":"qwer"}]}
  --  STATUSREPORT --
Total number of clients: 1
Total number of rooms: 1
Rooms: 
NAME    : qwer
CLIENTS : 1

name :qwer

Clearing rooms: 
Dead rooms: 0
{ _readableState: 
   { highWaterMark: 16384,
     buffer: [],
     length: 0,
     pipes: null,
     pipesCount: 0,
     flowing: false,
     ended: true,
     endEmitted: true,
     reading: false,
     calledRead: true,
     sync: false,
     needReadable: true,
     emittedReadable: false,
     readableListening: false,
     objectMode: false,
     defaultEncoding: 'utf8',
     ranOut: false,
     awaitDrain: 0,
     readingMore: false,
     decoder: null,
     encoding: null },
  readable: false,
  domain: null,
  _events: 
   { error: [Function],
     aborted: [Function],
     data: [Function],
     readable: [Function],
     end: [Function] },
  _maxListeners: 10,
  socket: 
   { _connecting: false,
     _handle: 
      { fd: 11,
        writeQueueSize: 0,
        owner: [Circular],
        onread: [Function: onread],
        reading: true },
     _readableState: 
      { highWaterMark: 16384,
        buffer: [],
        length: 0,
        pipes: null,
        pipesCount: 0,
        flowing: false,
        ended: false,
        endEmitted: false,
        reading: true,
        calledRead: true,
        sync: false,
        needReadable: true,
        emittedReadable: false,
        readableListening: false,
        objectMode: false,
        defaultEncoding: 'utf8',
        ranOut: false,
        awaitDrain: 0,
        readingMore: false,
        decoder: null,
        encoding: null },
     readable: true,
     domain: null,
     _events: 
      { end: [Object],
        finish: [Function: onSocketFinish],
        _socketEnd: [Function: onSocketEnd],
        drain: [Object],
        timeout: [Function],
        error: [Function],
        close: [Object] },
     _maxListeners: 10,
     _writableState: 
      { highWaterMark: 16384,
        objectMode: false,
        needDrain: false,
        ending: false,
        ended: false,
        finished: false,
        decodeStrings: false,
        defaultEncoding: 'utf8',
        length: 0,
        writing: false,
        sync: true,
        bufferProcessing: false,
        onwrite: [Function],
        writecb: null,
        writelen: 0,
        buffer: [],
        errorEmitted: false },
     writable: true,
     allowHalfOpen: true,
     onend: [Function],
     destroyed: false,
     bytesRead: 980167,
     _bytesDispatched: 0,
     _pendingData: null,
     _pendingEncoding: '',
     server: 
      { domain: null,
        _events: [Object],
        _maxListeners: 10,
        _connections: 2,
        connections: [Getter/Setter],
        _handle: [Object],
        _usingSlaves: false,
        _slaves: [],
        allowHalfOpen: true,
        httpAllowHalfOpen: false,
        timeout: 120000,
        _connectionKey: '4:0.0.0.0:7777' },
     _idleTimeout: 120000,
     _idleNext: { _idleNext: [Circular], _idlePrev: [Circular] },
     _idlePrev: { _idleNext: [Circular], _idlePrev: [Circular] },
     _idleStart: 1410821221404,
     _monotonicStartTime: 11596166048,
     parser: 
      { _headers: [],
        _url: '',
        onHeaders: [Function: parserOnHeaders],
        onHeadersComplete: [Function: parserOnHeadersComplete],
        onBody: [Function: parserOnBody],
        onMessageComplete: [Function: parserOnMessageComplete],
        socket: [Circular],
        incoming: [Circular],
        maxHeaderPairs: 2000,
        onIncoming: [Function] },
     ondata: [Function],
     _paused: false,
     _httpMessage: 
      { domain: null,
        _events: [Object],
        _maxListeners: 10,
        output: [],
        outputEncodings: [],
        writable: true,
        _last: false,
        chunkedEncoding: false,
        shouldKeepAlive: true,
        useChunkedEncodingByDefault: true,
        sendDate: true,
        _headerSent: false,
        _header: '',
        _hasBody: true,
        _trailer: '',
        finished: false,
        _hangupClose: false,
        socket: [Circular],
        connection: [Circular],
        app: [Object],
        _headers: [Object],
        _headerNames: [Object],
        req: [Circular],
        viewCallbacks: [],
        locals: [Function: locals] } },
  connection: 
   { _connecting: false,
     _handle: 
      { fd: 11,
        writeQueueSize: 0,
        owner: [Circular],
        onread: [Function: onread],
        reading: true },
     _readableState: 
      { highWaterMark: 16384,
        buffer: [],
        length: 0,
        pipes: null,
        pipesCount: 0,
        flowing: false,
        ended: false,
        endEmitted: false,
        reading: true,
        calledRead: true,
        sync: false,
        needReadable: true,
        emittedReadable: false,
        readableListening: false,
        objectMode: false,
        defaultEncoding: 'utf8',
        ranOut: false,
        awaitDrain: 0,
        readingMore: false,
        decoder: null,
        encoding: null },
     readable: true,
     domain: null,
     _events: 
      { end: [Object],
        finish: [Function: onSocketFinish],
        _socketEnd: [Function: onSocketEnd],
        drain: [Object],
        timeout: [Function],
        error: [Function],
        close: [Object] },
     _maxListeners: 10,
     _writableState: 
      { highWaterMark: 16384,
        objectMode: false,
        needDrain: false,
        ending: false,
        ended: false,
        finished: false,
        decodeStrings: false,
        defaultEncoding: 'utf8',
        length: 0,
        writing: false,
        sync: true,
        bufferProcessing: false,
        onwrite: [Function],
        writecb: null,
        writelen: 0,
        buffer: [],
        errorEmitted: false },
     writable: true,
     allowHalfOpen: true,
     onend: [Function],
     destroyed: false,
     bytesRead: 980167,
     _bytesDispatched: 0,
     _pendingData: null,
     _pendingEncoding: '',
     server: 
      { domain: null,
        _events: [Object],
        _maxListeners: 10,
        _connections: 2,
        connections: [Getter/Setter],
        _handle: [Object],
        _usingSlaves: false,
        _slaves: [],
        allowHalfOpen: true,
        httpAllowHalfOpen: false,
        timeout: 120000,
        _connectionKey: '4:0.0.0.0:7777' },
     _idleTimeout: 120000,
     _idleNext: { _idleNext: [Circular], _idlePrev: [Circular] },
     _idlePrev: { _idleNext: [Circular], _idlePrev: [Circular] },
     _idleStart: 1410821221404,
     _monotonicStartTime: 11596166048,
     parser: 
      { _headers: [],
        _url: '',
        onHeaders: [Function: parserOnHeaders],
        onHeadersComplete: [Function: parserOnHeadersComplete],
        onBody: [Function: parserOnBody],
        onMessageComplete: [Function: parserOnMessageComplete],
        socket: [Circular],
        incoming: [Circular],
        maxHeaderPairs: 2000,
        onIncoming: [Function] },
     ondata: [Function],
     _paused: false,
     _httpMessage: 
      { domain: null,
        _events: [Object],
        _maxListeners: 10,
        output: [],
        outputEncodings: [],
        writable: true,
        _last: false,
        chunkedEncoding: false,
        shouldKeepAlive: true,
        useChunkedEncodingByDefault: true,
        sendDate: true,
        _headerSent: false,
        _header: '',
        _hasBody: true,
        _trailer: '',
        finished: false,
        _hangupClose: false,
        socket: [Circular],
        connection: [Circular],
        app: [Object],
        _headers: [Object],
        _headerNames: [Object],
        req: [Circular],
        viewCallbacks: [],
        locals: [Function: locals] } },
  httpVersion: '1.1',
  complete: true,
  headers: 
   { host: '198.211.119.138:7777',
     origin: 'http://198.211.119.138:7777',
     'content-type': 'multipart/form-data; boundary=----WebKitFormBoundaryUqYhhBS8hSGLaUlB',
     'accept-language': 'nb-no',
     'accept-encoding': 'gzip, deflate',
     connection: 'keep-alive',
     accept: '*/*',
     'user-agent': 'Mozilla/5.0 (Macintosh; Intel Mac OS X 10_9_2) AppleWebKit/537.75.14 (KHTML, like Gecko) Version/7.0.3 Safari/537.75.14',
     referer: 'http://198.211.119.138:7777/',
     'content-length': '979665',
     'x-requested-with': 'XMLHttpRequest' },
  trailers: {},
  _pendings: [],
  _pendingIndex: 0,
  url: '/imageUpload',
  method: 'POST',
  statusCode: null,
  client: 
   { _connecting: false,
     _handle: 
      { fd: 11,
        writeQueueSize: 0,
        owner: [Circular],
        onread: [Function: onread],
        reading: true },
     _readableState: 
      { highWaterMark: 16384,
        buffer: [],
        length: 0,
        pipes: null,
        pipesCount: 0,
        flowing: false,
        ended: false,
        endEmitted: false,
        reading: true,
        calledRead: true,
        sync: false,
        needReadable: true,
        emittedReadable: false,
        readableListening: false,
        objectMode: false,
        defaultEncoding: 'utf8',
        ranOut: false,
        awaitDrain: 0,
        readingMore: false,
        decoder: null,
        encoding: null },
     readable: true,
     domain: null,
     _events: 
      { end: [Object],
        finish: [Function: onSocketFinish],
        _socketEnd: [Function: onSocketEnd],
        drain: [Object],
        timeout: [Function],
        error: [Function],
        close: [Object] },
     _maxListeners: 10,
     _writableState: 
      { highWaterMark: 16384,
        objectMode: false,
        needDrain: false,
        ending: false,
        ended: false,
        finished: false,
        decodeStrings: false,
        defaultEncoding: 'utf8',
        length: 0,
        writing: false,
        sync: true,
        bufferProcessing: false,
        onwrite: [Function],
        writecb: null,
        writelen: 0,
        buffer: [],
        errorEmitted: false },
     writable: true,
     allowHalfOpen: true,
     onend: [Function],
     destroyed: false,
     bytesRead: 980167,
     _bytesDispatched: 0,
     _pendingData: null,
     _pendingEncoding: '',
     server: 
      { domain: null,
        _events: [Object],
        _maxListeners: 10,
        _connections: 2,
        connections: [Getter/Setter],
        _handle: [Object],
        _usingSlaves: false,
        _slaves: [],
        allowHalfOpen: true,
        httpAllowHalfOpen: false,
        timeout: 120000,
        _connectionKey: '4:0.0.0.0:7777' },
     _idleTimeout: 120000,
     _idleNext: { _idleNext: [Circular], _idlePrev: [Circular] },
     _idlePrev: { _idleNext: [Circular], _idlePrev: [Circular] },
     _idleStart: 1410821221404,
     _monotonicStartTime: 11596166048,
     parser: 
      { _headers: [],
        _url: '',
        onHeaders: [Function: parserOnHeaders],
        onHeadersComplete: [Function: parserOnHeadersComplete],
        onBody: [Function: parserOnBody],
        onMessageComplete: [Function: parserOnMessageComplete],
        socket: [Circular],
        incoming: [Circular],
        maxHeaderPairs: 2000,
        onIncoming: [Function] },
     ondata: [Function],
     _paused: false,
     _httpMessage: 
      { domain: null,
        _events: [Object],
        _maxListeners: 10,
        output: [],
        outputEncodings: [],
        writable: true,
        _last: false,
        chunkedEncoding: false,
        shouldKeepAlive: true,
        useChunkedEncodingByDefault: true,
        sendDate: true,
        _headerSent: false,
        _header: '',
        _hasBody: true,
        _trailer: '',
        finished: false,
        _hangupClose: false,
        socket: [Circular],
        connection: [Circular],
        app: [Object],
        _headers: [Object],
        _headerNames: [Object],
        req: [Circular],
        viewCallbacks: [],
        locals: [Function: locals] } },
  _consuming: true,
  _dumped: false,
  httpVersionMajor: 1,
  httpVersionMinor: 1,
  upgrade: false,
  originalUrl: '/imageUpload',
  _parsedUrl: 
   { protocol: null,
     slashes: null,
     auth: null,
     host: null,
     port: null,
     hostname: null,
     hash: null,
     search: null,
     query: null,
     pathname: '/imageUpload',
     path: '/imageUpload',
     href: '/imageUpload' },
  query: {},
  app: 
   { [Function: app]
     use: [Function],
     handle: [Function],
     listen: [Function],
     setMaxListeners: [Function: setMaxListeners],
     emit: [Function: emit],
     addListener: [Function: addListener],
     on: [Function: addListener],
     once: [Function: once],
     removeListener: [Function: removeListener],
     removeAllListeners: [Function: removeAllListeners],
     listeners: [Function: listeners],
     route: '/',
     stack: [ [Object], [Object], [Object], [Object] ],
     init: [Function],
     defaultConfiguration: [Function],
     engine: [Function],
     param: [Function],
     set: [Function],
     path: [Function],
     enabled: [Function],
     disabled: [Function],
     enable: [Function],
     disable: [Function],
     configure: [Function],
     get: [Function],
     post: [Function],
     put: [Function],
     head: [Function],
     delete: [Function],
     options: [Function],
     trace: [Function],
     copy: [Function],
     lock: [Function],
     mkcol: [Function],
     move: [Function],
     propfind: [Function],
     proppatch: [Function],
     unlock: [Function],
     report: [Function],
     mkactivity: [Function],
     checkout: [Function],
     merge: [Function],
     'm-search': [Function],
     notify: [Function],
     subscribe: [Function],
     unsubscribe: [Function],
     patch: [Function],
     all: [Function],
     del: [Function],
     render: [Function],
     request: {},
     response: {},
     cache: {},
     settings: 
      { 'x-powered-by': true,
        env: 'development',
        views: '/home/peter/nodeapps/thoughtwall/views',
        'jsonp callback name': 'callback',
        'json spaces': 2 },
     engines: {},
     viewCallbacks: [],
     _events: { mount: [Function] },
     _router: 
      { map: [Object],
        params: {},
        _params: [],
        caseSensitive: false,
        strict: false,
        middleware: [Function: router] },
     routes: { get: [Object], post: [Object] },
     router: [Getter],
     locals: { [Function: locals] settings: [Object] },
     _usedRouter: true },
  res: 
   { domain: null,
     _events: { finish: [Function] },
     _maxListeners: 10,
     output: [],
     outputEncodings: [],
     writable: true,
     _last: false,
     chunkedEncoding: false,
     shouldKeepAlive: true,
     useChunkedEncodingByDefault: true,
     sendDate: true,
     _headerSent: false,
     _header: '',
     _hasBody: true,
     _trailer: '',
     finished: false,
     _hangupClose: false,
     socket: 
      { _connecting: false,
        _handle: [Object],
        _readableState: [Object],
        readable: true,
        domain: null,
        _events: [Object],
        _maxListeners: 10,
        _writableState: [Object],
        writable: true,
        allowHalfOpen: true,
        onend: [Function],
        destroyed: false,
        bytesRead: 980167,
        _bytesDispatched: 0,
        _pendingData: null,
        _pendingEncoding: '',
        server: [Object],
        _idleTimeout: 120000,
        _idleNext: [Object],
        _idlePrev: [Object],
        _idleStart: 1410821221404,
        _monotonicStartTime: 11596166048,
        parser: [Object],
        ondata: [Function],
        _paused: false,
        _httpMessage: [Circular] },
     connection: 
      { _connecting: false,
        _handle: [Object],
        _readableState: [Object],
        readable: true,
        domain: null,
        _events: [Object],
        _maxListeners: 10,
        _writableState: [Object],
        writable: true,
        allowHalfOpen: true,
        onend: [Function],
        destroyed: false,
        bytesRead: 980167,
        _bytesDispatched: 0,
        _pendingData: null,
        _pendingEncoding: '',
        server: [Object],
        _idleTimeout: 120000,
        _idleNext: [Object],
        _idlePrev: [Object],
        _idleStart: 1410821221404,
        _monotonicStartTime: 11596166048,
        parser: [Object],
        ondata: [Function],
        _paused: false,
        _httpMessage: [Circular] },
     app: 
      { [Function: app]
        use: [Function],
        handle: [Function],
        listen: [Function],
        setMaxListeners: [Function: setMaxListeners],
        emit: [Function: emit],
        addListener: [Function: addListener],
        on: [Function: addListener],
        once: [Function: once],
        removeListener: [Function: removeListener],
        removeAllListeners: [Function: removeAllListeners],
        listeners: [Function: listeners],
        route: '/',
        stack: [Object],
        init: [Function],
        defaultConfiguration: [Function],
        engine: [Function],
        param: [Function],
        set: [Function],
        path: [Function],
        enabled: [Function],
        disabled: [Function],
        enable: [Function],
        disable: [Function],
        configure: [Function],
        get: [Function],
        post: [Function],
        put: [Function],
        head: [Function],
        delete: [Function],
        options: [Function],
        trace: [Function],
        copy: [Function],
        lock: [Function],
        mkcol: [Function],
        move: [Function],
        propfind: [Function],
        proppatch: [Function],
        unlock: [Function],
        report: [Function],
        mkactivity: [Function],
        checkout: [Function],
        merge: [Function],
        'm-search': [Function],
        notify: [Function],
        subscribe: [Function],
        unsubscribe: [Function],
        patch: [Function],
        all: [Function],
        del: [Function],
        render: [Function],
        request: {},
        response: {},
        cache: {},
        settings: [Object],
        engines: {},
        viewCallbacks: [],
        _events: [Object],
        _router: [Object],
        routes: [Object],
        router: [Getter],
        locals: [Object],
        _usedRouter: true },
     _headers: { 'x-powered-by': 'Express' },
     _headerNames: { 'x-powered-by': 'X-Powered-By' },
     req: [Circular],
     viewCallbacks: [],
     locals: [Function: locals] },
  next: [Function: next],
  body: { user: 'qwer' },
  files: 
   { file: 
      { domain: null,
        _events: {},
        _maxListeners: 10,
        size: 979358,
        path: 'uploads/ba13f5fe4a8b78f5a5f004b648bd69f7',
        name: 'Skjermbilde 2014-09-15 kl. 18.03.11.png',
        type: 'image/png',
        hash: false,
        lastModifiedDate: Mon Sep 15 2014 22:47:01 GMT+0000 (UTC),
        _writeStream: [Object],
        length: [Getter],
        filename: [Getter],
        mime: [Getter] } },
  _body: true,
  pipe: [Function],
  addListener: [Function: addListener],
  on: [Function: addListener],
  pause: [Function],
  resume: [Function],
  read: [Function],
  _route_index: 0,
  route: 
   { path: '/imageUpload',
     method: 'post',
     callbacks: [ [Function] ],
     keys: [],
     regexp: /^\/imageUpload\/?$/i,
     params: [] },
  params: [] }
The user: qwer exists! Sending img back to user!
debug: websocket writing 5:::{"name":"imageUploaded","args":[{"imgsrc":"uploads/ba13f5fe4a8b78f5a5f004b648bd69f7"}]}
uploads/ba13f5fe4a8b78f5a5f004b648bd69f7
debug: emitting heartbeat for client LcJLLRvj-co1s-6Wfpyb
debug: websocket writing 2::
debug: set heartbeat timeout for client LcJLLRvj-co1s-6Wfpyb
debug: got heartbeat packet
debug: cleared heartbeat timeout for client LcJLLRvj-co1s-6Wfpyb
debug: set heartbeat interval for client LcJLLRvj-co1s-6Wfpyb
